State 0:
          start ::= * objectList
          objectList ::= * objectList object
      (2) objectList ::= *

                    objectList shift        12     
                         start accept
                     {default} reduce       2      objectList ::=

State 1:
          object ::= * OBJECTTYPE STRING LBRACKET itemList RBRACKET
          object ::= * OBJECTTYPE LBRACKET itemList RBRACKET
          untypedobject ::= * LBRACKET itemList RBRACKET
          member ::= STRING PLUSEQUAL * value
          member ::= STRING PLUSEQUAL * object
          member ::= STRING PLUSEQUAL * untypedobject
          value ::= * BOOL
          value ::= * INT
          value ::= * FLOAT value3f
          value ::= * INT value3f
          value3f ::= * FLOAT value2f
          value3f ::= * INT value2f
          value2f ::= * FLOAT FLOAT
          value2f ::= * INT FLOAT
          value2f ::= * FLOAT INT
          value2f ::= * INT INT
          value ::= * value3f
          value ::= * value2f
          value ::= * FLOAT
          value ::= * PLUSINF
          value ::= * MINUSINF
          value ::= * STRINGVALUE
          value ::= * STRING

                    OBJECTTYPE shift        21     
                        STRING shift-reduce 31     value ::= STRING
                      LBRACKET shift        14     
                          BOOL shift-reduce 15     value ::= BOOL
                           INT shift        7      
                         FLOAT shift        6      
                       PLUSINF shift-reduce 28     value ::= PLUSINF
                      MINUSINF shift-reduce 29     value ::= MINUSINF
                   STRINGVALUE shift-reduce 30     value ::= STRINGVALUE
                        object shift-reduce 12     member ::= STRING PLUSEQUAL object
                 untypedobject shift-reduce 14     member ::= STRING PLUSEQUAL untypedobject
                         value shift-reduce 10     member ::= STRING PLUSEQUAL value
                       value2f shift-reduce 26     value ::= value2f
                       value3f shift-reduce 25     value ::= value3f

State 2:
          object ::= * OBJECTTYPE STRING LBRACKET itemList RBRACKET
          object ::= * OBJECTTYPE LBRACKET itemList RBRACKET
          untypedobject ::= * LBRACKET itemList RBRACKET
          member ::= STRING EQUAL * value
          member ::= STRING EQUAL * object
          member ::= STRING EQUAL * untypedobject
          value ::= * BOOL
          value ::= * INT
          value ::= * FLOAT value3f
          value ::= * INT value3f
          value3f ::= * FLOAT value2f
          value3f ::= * INT value2f
          value2f ::= * FLOAT FLOAT
          value2f ::= * INT FLOAT
          value2f ::= * FLOAT INT
          value2f ::= * INT INT
          value ::= * value3f
          value ::= * value2f
          value ::= * FLOAT
          value ::= * PLUSINF
          value ::= * MINUSINF
          value ::= * STRINGVALUE
          value ::= * STRING

                    OBJECTTYPE shift        21     
                        STRING shift-reduce 31     value ::= STRING
                      LBRACKET shift        14     
                          BOOL shift-reduce 15     value ::= BOOL
                           INT shift        7      
                         FLOAT shift        6      
                       PLUSINF shift-reduce 28     value ::= PLUSINF
                      MINUSINF shift-reduce 29     value ::= MINUSINF
                   STRINGVALUE shift-reduce 30     value ::= STRINGVALUE
                        object shift-reduce 11     member ::= STRING EQUAL object
                 untypedobject shift-reduce 13     member ::= STRING EQUAL untypedobject
                         value shift-reduce 9      member ::= STRING EQUAL value
                       value2f shift-reduce 26     value ::= value2f
                       value3f shift-reduce 25     value ::= value3f

State 3:
          object ::= * OBJECTTYPE STRING LBRACKET itemList RBRACKET
          object ::= * OBJECTTYPE LBRACKET itemList RBRACKET
          object ::= OBJECTTYPE LBRACKET itemList * RBRACKET
          itemList ::= itemList * member
          itemList ::= itemList * object
          member ::= * STRING EQUAL value
          member ::= * STRING PLUSEQUAL value
          member ::= * STRING EQUAL object
          member ::= * STRING PLUSEQUAL object
          member ::= * STRING EQUAL untypedobject
          member ::= * STRING PLUSEQUAL untypedobject

                    OBJECTTYPE shift        21     
                        STRING shift        20     
                      RBRACKET shift-reduce 4      object ::= OBJECTTYPE LBRACKET itemList RBRACKET
                        object shift-reduce 7      itemList ::= itemList object
                        member shift-reduce 6      itemList ::= itemList member

State 4:
          object ::= * OBJECTTYPE STRING LBRACKET itemList RBRACKET
          object ::= * OBJECTTYPE LBRACKET itemList RBRACKET
          untypedobject ::= LBRACKET itemList * RBRACKET
          itemList ::= itemList * member
          itemList ::= itemList * object
          member ::= * STRING EQUAL value
          member ::= * STRING PLUSEQUAL value
          member ::= * STRING EQUAL object
          member ::= * STRING PLUSEQUAL object
          member ::= * STRING EQUAL untypedobject
          member ::= * STRING PLUSEQUAL untypedobject

                    OBJECTTYPE shift        21     
                        STRING shift        20     
                      RBRACKET shift-reduce 5      untypedobject ::= LBRACKET itemList RBRACKET
                        object shift-reduce 7      itemList ::= itemList object
                        member shift-reduce 6      itemList ::= itemList member

State 5:
          object ::= * OBJECTTYPE STRING LBRACKET itemList RBRACKET
          object ::= OBJECTTYPE STRING LBRACKET itemList * RBRACKET
          object ::= * OBJECTTYPE LBRACKET itemList RBRACKET
          itemList ::= itemList * member
          itemList ::= itemList * object
          member ::= * STRING EQUAL value
          member ::= * STRING PLUSEQUAL value
          member ::= * STRING EQUAL object
          member ::= * STRING PLUSEQUAL object
          member ::= * STRING EQUAL untypedobject
          member ::= * STRING PLUSEQUAL untypedobject

                    OBJECTTYPE shift        21     
                        STRING shift        20     
                      RBRACKET shift-reduce 3      object ::= OBJECTTYPE STRING LBRACKET itemList RBRACKET
                        object shift-reduce 7      itemList ::= itemList object
                        member shift-reduce 6      itemList ::= itemList member

State 6:
          value ::= FLOAT * value3f
          value3f ::= * FLOAT value2f
          value3f ::= FLOAT * value2f
          value3f ::= * INT value2f
          value2f ::= * FLOAT FLOAT
          value2f ::= FLOAT * FLOAT
          value2f ::= * INT FLOAT
          value2f ::= * FLOAT INT
          value2f ::= FLOAT * INT
          value2f ::= * INT INT
     (27) value ::= FLOAT *

                           INT shift        8      
                         FLOAT shift        9      
                       value2f shift-reduce 19     value3f ::= FLOAT value2f
                       value3f shift-reduce 17     value ::= FLOAT value3f
                     {default} reduce       27     value ::= FLOAT

State 7:
     (16) value ::= INT *
          value ::= INT * value3f
          value3f ::= * FLOAT value2f
          value3f ::= * INT value2f
          value3f ::= INT * value2f
          value2f ::= * FLOAT FLOAT
          value2f ::= * INT FLOAT
          value2f ::= INT * FLOAT
          value2f ::= * FLOAT INT
          value2f ::= * INT INT
          value2f ::= INT * INT

                           INT shift        10     
                         FLOAT shift        11     
                       value2f shift-reduce 20     value3f ::= INT value2f
                       value3f shift-reduce 18     value ::= INT value3f
                     {default} reduce       16     value ::= INT

State 8:
          value3f ::= INT * value2f
          value2f ::= * FLOAT FLOAT
          value2f ::= * INT FLOAT
          value2f ::= INT * FLOAT
          value2f ::= * FLOAT INT
     (23) value2f ::= FLOAT INT *
          value2f ::= * INT INT
          value2f ::= INT * INT

                           INT shift        16     
                         FLOAT shift        17     
                       value2f shift-reduce 20     value3f ::= INT value2f
                     {default} reduce       23     value2f ::= FLOAT INT

State 9:
          value3f ::= FLOAT * value2f
          value2f ::= * FLOAT FLOAT
          value2f ::= FLOAT * FLOAT
     (21) value2f ::= FLOAT FLOAT *
          value2f ::= * INT FLOAT
          value2f ::= * FLOAT INT
          value2f ::= FLOAT * INT
          value2f ::= * INT INT

                           INT shift        18     
                         FLOAT shift        19     
                       value2f shift-reduce 19     value3f ::= FLOAT value2f
                     {default} reduce       21     value2f ::= FLOAT FLOAT

State 10:
          value3f ::= INT * value2f
          value2f ::= * FLOAT FLOAT
          value2f ::= * INT FLOAT
          value2f ::= INT * FLOAT
          value2f ::= * FLOAT INT
          value2f ::= * INT INT
          value2f ::= INT * INT
     (24) value2f ::= INT INT *

                           INT shift        16     
                         FLOAT shift        17     
                       value2f shift-reduce 20     value3f ::= INT value2f
                     {default} reduce       24     value2f ::= INT INT

State 11:
          value3f ::= FLOAT * value2f
          value2f ::= * FLOAT FLOAT
          value2f ::= FLOAT * FLOAT
          value2f ::= * INT FLOAT
     (22) value2f ::= INT FLOAT *
          value2f ::= * FLOAT INT
          value2f ::= FLOAT * INT
          value2f ::= * INT INT

                           INT shift        18     
                         FLOAT shift        19     
                       value2f shift-reduce 19     value3f ::= FLOAT value2f
                     {default} reduce       22     value2f ::= INT FLOAT

State 12:
      (0) start ::= objectList *
          objectList ::= objectList * object
          object ::= * OBJECTTYPE STRING LBRACKET itemList RBRACKET
          object ::= * OBJECTTYPE LBRACKET itemList RBRACKET

                             $ reduce       0      start ::= objectList
                    OBJECTTYPE shift        21     
                        object shift-reduce 1      objectList ::= objectList object

State 13:
          object ::= OBJECTTYPE LBRACKET * itemList RBRACKET
          itemList ::= * itemList member
          itemList ::= * itemList object
      (8) itemList ::= *

                      itemList shift        3      
                     {default} reduce       8      itemList ::=

State 14:
          untypedobject ::= LBRACKET * itemList RBRACKET
          itemList ::= * itemList member
          itemList ::= * itemList object
      (8) itemList ::= *

                      itemList shift        4      
                     {default} reduce       8      itemList ::=

State 15:
          object ::= OBJECTTYPE STRING LBRACKET * itemList RBRACKET
          itemList ::= * itemList member
          itemList ::= * itemList object
      (8) itemList ::= *

                      itemList shift        5      
                     {default} reduce       8      itemList ::=

State 16:
          value2f ::= INT * FLOAT
          value2f ::= INT * INT
     (24) value2f ::= INT INT *

                           INT shift-reduce 24     value2f ::= INT INT
                         FLOAT shift-reduce 22     value2f ::= INT FLOAT
                     {default} reduce       24     value2f ::= INT INT

State 17:
          value2f ::= FLOAT * FLOAT
     (22) value2f ::= INT FLOAT *
          value2f ::= FLOAT * INT

                           INT shift-reduce 23     value2f ::= FLOAT INT
                         FLOAT shift-reduce 21     value2f ::= FLOAT FLOAT
                     {default} reduce       22     value2f ::= INT FLOAT

State 18:
          value2f ::= INT * FLOAT
     (23) value2f ::= FLOAT INT *
          value2f ::= INT * INT

                           INT shift-reduce 24     value2f ::= INT INT
                         FLOAT shift-reduce 22     value2f ::= INT FLOAT
                     {default} reduce       23     value2f ::= FLOAT INT

State 19:
          value2f ::= FLOAT * FLOAT
     (21) value2f ::= FLOAT FLOAT *
          value2f ::= FLOAT * INT

                           INT shift-reduce 23     value2f ::= FLOAT INT
                         FLOAT shift-reduce 21     value2f ::= FLOAT FLOAT
                     {default} reduce       21     value2f ::= FLOAT FLOAT

State 20:
          member ::= STRING * EQUAL value
          member ::= STRING * PLUSEQUAL value
          member ::= STRING * EQUAL object
          member ::= STRING * PLUSEQUAL object
          member ::= STRING * EQUAL untypedobject
          member ::= STRING * PLUSEQUAL untypedobject

                         EQUAL shift        2      
                     PLUSEQUAL shift        1      

State 21:
          object ::= OBJECTTYPE * STRING LBRACKET itemList RBRACKET
          object ::= OBJECTTYPE * LBRACKET itemList RBRACKET

                        STRING shift        22     
                      LBRACKET shift        13     

State 22:
          object ::= OBJECTTYPE STRING * LBRACKET itemList RBRACKET

                      LBRACKET shift        15     

----------------------------------------------------
Symbols:
    0: $:
    1: OBJECTTYPE
    2: STRING
    3: LBRACKET
    4: RBRACKET
    5: EQUAL
    6: PLUSEQUAL
    7: BOOL
    8: INT
    9: FLOAT
   10: PLUSINF
   11: MINUSINF
   12: STRINGVALUE
   13: error:
   14: objectList: <lambda> OBJECTTYPE
   15: object: OBJECTTYPE
   16: untypedobject: LBRACKET
   17: itemList: <lambda> OBJECTTYPE STRING
   18: member: STRING
   19: value: STRING BOOL INT FLOAT PLUSINF MINUSINF STRINGVALUE
   20: value2f: INT FLOAT
   21: value3f: INT FLOAT
   22: start: <lambda> OBJECTTYPE
